build/app/intermediates/manifest_merge_blame_file/release/manifest-merger-blame-release-report.txt
1<?xml version="1.0" encoding="utf-8"?>
2<manifest xmlns:android="http://schemas.android.com/apk/res/android"
3    package="com.jynxdj.dev"
4    android:versionCode="1"
5    android:versionName="1.0.0" >
6
7    <uses-sdk
8        android:minSdkVersion="21"
8-->src/main/AndroidManifest.xml
9        android:targetSdkVersion="30" />
9-->src/main/AndroidManifest.xml
10
11    <uses-permission android:name="android.permission.INTERNET" />
11-->src/main/AndroidManifest.xml:3:5-66
11-->src/main/AndroidManifest.xml:3:22-64
12    <uses-permission android:name="android.permission.WRITE_EXTERNAL_STORAGE" />
12-->src/main/AndroidManifest.xml:4:5-80
12-->src/main/AndroidManifest.xml:4:22-78
13    <!-- Create a unique permission for your app and use it so only your app can receive your OneSignal messages. -->
14    <permission
14-->[com.onesignal:OneSignal:4.7.3] AndroidManifest.xml:7:5-9:47
15        android:name="com.jynxdj.dev.permission.C2D_MESSAGE"
15-->[com.onesignal:OneSignal:4.7.3] AndroidManifest.xml:8:9-63
16        android:protectionLevel="signature" />
16-->[com.onesignal:OneSignal:4.7.3] AndroidManifest.xml:9:9-44
17
18    <uses-permission android:name="com.jynxdj.dev.permission.C2D_MESSAGE" /> <!-- c2dm RECEIVE are basic requirements for push messages through Google's FCM -->
18-->[com.onesignal:OneSignal:4.7.3] AndroidManifest.xml:11:5-79
18-->[com.onesignal:OneSignal:4.7.3] AndroidManifest.xml:11:22-76
19    <uses-permission android:name="com.google.android.c2dm.permission.RECEIVE" /> <!-- Required, makes sure notifications are delivered on time. -->
19-->[com.onesignal:OneSignal:4.7.3] AndroidManifest.xml:17:5-82
19-->[com.onesignal:OneSignal:4.7.3] AndroidManifest.xml:17:22-79
20    <uses-permission android:name="android.permission.WAKE_LOCK" />
20-->[com.onesignal:OneSignal:4.7.3] AndroidManifest.xml:18:5-68
20-->[com.onesignal:OneSignal:4.7.3] AndroidManifest.xml:18:22-65
21    <!--
22 Required so the device vibrates on receiving a push notification.
23         Vibration settings of the device still apply.
24    -->
25    <uses-permission android:name="android.permission.VIBRATE" />
25-->[com.onesignal:OneSignal:4.7.3] AndroidManifest.xml:23:5-66
25-->[com.onesignal:OneSignal:4.7.3] AndroidManifest.xml:23:22-63
26    <uses-permission android:name="android.permission.ACCESS_NETWORK_STATE" />
26-->[com.onesignal:OneSignal:4.7.3] AndroidManifest.xml:24:5-79
26-->[com.onesignal:OneSignal:4.7.3] AndroidManifest.xml:24:22-76
27    <!--
28 Use to restore notifications the user hasn't interacted with.
29         They could be missed notifications if the user reboots their device if this isn't in place.
30    -->
31    <uses-permission android:name="android.permission.RECEIVE_BOOT_COMPLETED" /> <!-- START: ShortcutBadger -->
31-->[com.onesignal:OneSignal:4.7.3] AndroidManifest.xml:29:5-81
31-->[com.onesignal:OneSignal:4.7.3] AndroidManifest.xml:29:22-78
32    <!-- Samsung -->
33    <uses-permission android:name="com.sec.android.provider.badge.permission.READ" />
33-->[com.onesignal:OneSignal:4.7.3] AndroidManifest.xml:31:5-86
33-->[com.onesignal:OneSignal:4.7.3] AndroidManifest.xml:31:22-83
34    <uses-permission android:name="com.sec.android.provider.badge.permission.WRITE" /> <!-- HTC -->
34-->[com.onesignal:OneSignal:4.7.3] AndroidManifest.xml:32:5-87
34-->[com.onesignal:OneSignal:4.7.3] AndroidManifest.xml:32:22-84
35    <uses-permission android:name="com.htc.launcher.permission.READ_SETTINGS" />
35-->[com.onesignal:OneSignal:4.7.3] AndroidManifest.xml:33:5-81
35-->[com.onesignal:OneSignal:4.7.3] AndroidManifest.xml:33:22-78
36    <uses-permission android:name="com.htc.launcher.permission.UPDATE_SHORTCUT" /> <!-- Sony -->
36-->[com.onesignal:OneSignal:4.7.3] AndroidManifest.xml:34:5-83
36-->[com.onesignal:OneSignal:4.7.3] AndroidManifest.xml:34:22-80
37    <uses-permission android:name="com.sonyericsson.home.permission.BROADCAST_BADGE" />
37-->[com.onesignal:OneSignal:4.7.3] AndroidManifest.xml:35:5-88
37-->[com.onesignal:OneSignal:4.7.3] AndroidManifest.xml:35:22-85
38    <uses-permission android:name="com.sonymobile.home.permission.PROVIDER_INSERT_BADGE" /> <!-- Apex -->
38-->[com.onesignal:OneSignal:4.7.3] AndroidManifest.xml:36:5-92
38-->[com.onesignal:OneSignal:4.7.3] AndroidManifest.xml:36:22-89
39    <uses-permission android:name="com.anddoes.launcher.permission.UPDATE_COUNT" /> <!-- Solid -->
39-->[com.onesignal:OneSignal:4.7.3] AndroidManifest.xml:37:5-84
39-->[com.onesignal:OneSignal:4.7.3] AndroidManifest.xml:37:22-81
40    <uses-permission android:name="com.majeur.launcher.permission.UPDATE_BADGE" /> <!-- Huawei -->
40-->[com.onesignal:OneSignal:4.7.3] AndroidManifest.xml:38:5-83
40-->[com.onesignal:OneSignal:4.7.3] AndroidManifest.xml:38:22-80
41    <uses-permission android:name="com.huawei.android.launcher.permission.CHANGE_BADGE" />
41-->[com.onesignal:OneSignal:4.7.3] AndroidManifest.xml:39:5-91
41-->[com.onesignal:OneSignal:4.7.3] AndroidManifest.xml:39:22-88
42    <uses-permission android:name="com.huawei.android.launcher.permission.READ_SETTINGS" />
42-->[com.onesignal:OneSignal:4.7.3] AndroidManifest.xml:40:5-92
42-->[com.onesignal:OneSignal:4.7.3] AndroidManifest.xml:40:22-89
43    <uses-permission android:name="com.huawei.android.launcher.permission.WRITE_SETTINGS" /> <!-- ZUK -->
43-->[com.onesignal:OneSignal:4.7.3] AndroidManifest.xml:41:5-93
43-->[com.onesignal:OneSignal:4.7.3] AndroidManifest.xml:41:22-90
44    <uses-permission android:name="android.permission.READ_APP_BADGE" /> <!-- OPPO -->
44-->[com.onesignal:OneSignal:4.7.3] AndroidManifest.xml:42:5-73
44-->[com.onesignal:OneSignal:4.7.3] AndroidManifest.xml:42:22-70
45    <uses-permission android:name="com.oppo.launcher.permission.READ_SETTINGS" />
45-->[com.onesignal:OneSignal:4.7.3] AndroidManifest.xml:43:5-82
45-->[com.onesignal:OneSignal:4.7.3] AndroidManifest.xml:43:22-79
46    <uses-permission android:name="com.oppo.launcher.permission.WRITE_SETTINGS" /> <!-- EvMe -->
46-->[com.onesignal:OneSignal:4.7.3] AndroidManifest.xml:44:5-83
46-->[com.onesignal:OneSignal:4.7.3] AndroidManifest.xml:44:22-80
47    <uses-permission android:name="me.everything.badger.permission.BADGE_COUNT_READ" />
47-->[com.onesignal:OneSignal:4.7.3] AndroidManifest.xml:45:5-88
47-->[com.onesignal:OneSignal:4.7.3] AndroidManifest.xml:45:22-85
48    <uses-permission android:name="me.everything.badger.permission.BADGE_COUNT_WRITE" />
48-->[com.onesignal:OneSignal:4.7.3] AndroidManifest.xml:46:5-89
48-->[com.onesignal:OneSignal:4.7.3] AndroidManifest.xml:46:22-86
49    <uses-permission android:name="com.google.android.gms.permission.AD_ID" />
49-->[com.google.android.gms:play-services-measurement-api:21.0.0] AndroidManifest.xml:25:5-79
49-->[com.google.android.gms:play-services-measurement-api:21.0.0] AndroidManifest.xml:25:22-76
50    <uses-permission android:name="com.google.android.finsky.permission.BIND_GET_INSTALL_REFERRER_SERVICE" />
50-->[com.google.android.gms:play-services-measurement:21.0.0] AndroidManifest.xml:26:5-110
50-->[com.google.android.gms:play-services-measurement:21.0.0] AndroidManifest.xml:26:22-107
51    <uses-permission android:name="android.permission.FOREGROUND_SERVICE" />
51-->[androidx.work:work-runtime:2.7.1] AndroidManifest.xml:28:5-77
51-->[androidx.work:work-runtime:2.7.1] AndroidManifest.xml:28:22-74
52
53    <application
54        android:name="android.app.Application"
54-->src/main/AndroidManifest.xml:7:9-42
55        android:appComponentFactory="androidx.core.app.CoreComponentFactory"
55-->[androidx.core:core:1.7.0] AndroidManifest.xml:24:18-86
56        android:icon="@mipmap/ic_launcher"
56-->src/main/AndroidManifest.xml:8:9-43
57        android:label="JYNX DJ" >
57-->src/main/AndroidManifest.xml:6:9-32
58        <activity
58-->src/main/AndroidManifest.xml:9:9-29:20
59            android:name="com.jynxdj.dev.MainActivity"
59-->src/main/AndroidManifest.xml:10:13-41
60            android:configChanges="orientation|keyboardHidden|keyboard|screenSize|smallestScreenSize|locale|layoutDirection|fontScale|screenLayout|density|uiMode"
60-->src/main/AndroidManifest.xml:14:13-163
61            android:exported="true"
61-->src/main/AndroidManifest.xml:11:13-36
62            android:hardwareAccelerated="true"
62-->src/main/AndroidManifest.xml:15:13-47
63            android:launchMode="singleTop"
63-->src/main/AndroidManifest.xml:12:13-43
64            android:theme="@style/LaunchTheme"
64-->src/main/AndroidManifest.xml:13:13-47
65            android:windowSoftInputMode="adjustResize" >
65-->src/main/AndroidManifest.xml:16:13-55
66
67            <!--
68                 Specifies an Android theme to apply to this Activity as soon as
69                 the Android process has started. This theme is visible to the user
70                 while the Flutter UI initializes. After that, this theme continues
71                 to determine the Window background behind the Flutter UI.
72            -->
73            <meta-data
73-->src/main/AndroidManifest.xml:21:13-24:17
74                android:name="io.flutter.embedding.android.NormalTheme"
74-->src/main/AndroidManifest.xml:22:15-70
75                android:resource="@style/NormalTheme" />
75-->src/main/AndroidManifest.xml:23:15-52
76
77            <intent-filter>
77-->src/main/AndroidManifest.xml:25:13-28:29
78                <action android:name="android.intent.action.MAIN" />
78-->src/main/AndroidManifest.xml:26:17-68
78-->src/main/AndroidManifest.xml:26:25-66
79
80                <category android:name="android.intent.category.LAUNCHER" />
80-->src/main/AndroidManifest.xml:27:17-76
80-->src/main/AndroidManifest.xml:27:27-74
81            </intent-filter>
82        </activity>
83        <!--
84             Don't delete the meta-data below.
85             This is used by the Flutter tool to generate GeneratedPluginRegistrant.java
86        -->
87        <meta-data
87-->src/main/AndroidManifest.xml:32:9-34:33
88            android:name="flutterEmbedding"
88-->src/main/AndroidManifest.xml:33:13-44
89            android:value="2" />
89-->src/main/AndroidManifest.xml:34:13-30
90
91        <service
91-->[:firebase_auth] AndroidManifest.xml:8:9-12:19
92            android:name="com.google.firebase.components.ComponentDiscoveryService"
92-->[:firebase_auth] AndroidManifest.xml:8:18-89
93            android:directBootAware="true"
93-->[com.google.firebase:firebase-common:20.1.1] AndroidManifest.xml:35:13-43
94            android:exported="false" >
94-->[com.google.firebase:firebase-messaging:23.0.5] AndroidManifest.xml:54:13-37
95            <meta-data
95-->[:firebase_auth] AndroidManifest.xml:9:13-11:85
96                android:name="com.google.firebase.components:io.flutter.plugins.firebase.auth.FlutterFirebaseAuthRegistrar"
96-->[:firebase_auth] AndroidManifest.xml:10:17-124
97                android:value="com.google.firebase.components.ComponentRegistrar" />
97-->[:firebase_auth] AndroidManifest.xml:11:17-82
98            <meta-data
98-->[:firebase_core] AndroidManifest.xml:9:13-11:85
99                android:name="com.google.firebase.components:io.flutter.plugins.firebase.core.FlutterFirebaseCoreRegistrar"
99-->[:firebase_core] AndroidManifest.xml:10:17-124
100                android:value="com.google.firebase.components.ComponentRegistrar" />
100-->[:firebase_core] AndroidManifest.xml:11:17-82
101            <meta-data
101-->[com.google.firebase:firebase-messaging:23.0.5] AndroidManifest.xml:55:13-57:85
102                android:name="com.google.firebase.components:com.google.firebase.messaging.FirebaseMessagingRegistrar"
102-->[com.google.firebase:firebase-messaging:23.0.5] AndroidManifest.xml:56:17-119
103                android:value="com.google.firebase.components.ComponentRegistrar" />
103-->[com.google.firebase:firebase-messaging:23.0.5] AndroidManifest.xml:57:17-82
104            <meta-data
104-->[com.google.firebase:firebase-datatransport:18.1.4] AndroidManifest.xml:28:13-30:85
105                android:name="com.google.firebase.components:com.google.firebase.datatransport.TransportRegistrar"
105-->[com.google.firebase:firebase-datatransport:18.1.4] AndroidManifest.xml:29:17-115
106                android:value="com.google.firebase.components.ComponentRegistrar" />
106-->[com.google.firebase:firebase-datatransport:18.1.4] AndroidManifest.xml:30:17-82
107            <meta-data
107-->[com.google.firebase:firebase-auth:21.0.5] AndroidManifest.xml:67:13-69:85
108                android:name="com.google.firebase.components:com.google.firebase.auth.FirebaseAuthRegistrar"
108-->[com.google.firebase:firebase-auth:21.0.5] AndroidManifest.xml:68:17-109
109                android:value="com.google.firebase.components.ComponentRegistrar" />
109-->[com.google.firebase:firebase-auth:21.0.5] AndroidManifest.xml:69:17-82
110            <meta-data
110-->[com.google.android.gms:play-services-measurement-api:21.0.0] AndroidManifest.xml:31:13-33:85
111                android:name="com.google.firebase.components:com.google.firebase.analytics.connector.internal.AnalyticsConnectorRegistrar"
111-->[com.google.android.gms:play-services-measurement-api:21.0.0] AndroidManifest.xml:32:17-139
112                android:value="com.google.firebase.components.ComponentRegistrar" />
112-->[com.google.android.gms:play-services-measurement-api:21.0.0] AndroidManifest.xml:33:17-82
113            <meta-data
113-->[com.google.firebase:firebase-installations:17.0.1] AndroidManifest.xml:18:13-20:85
114                android:name="com.google.firebase.components:com.google.firebase.installations.FirebaseInstallationsRegistrar"
114-->[com.google.firebase:firebase-installations:17.0.1] AndroidManifest.xml:19:17-127
115                android:value="com.google.firebase.components.ComponentRegistrar" />
115-->[com.google.firebase:firebase-installations:17.0.1] AndroidManifest.xml:20:17-82
116        </service>
117
118        <provider
118-->[:share_plus] AndroidManifest.xml:8:9-16:20
119            android:name="dev.fluttercommunity.plus.share.ShareFileProvider"
119-->[:share_plus] AndroidManifest.xml:9:13-77
120            android:authorities="com.jynxdj.dev.flutter.share_provider"
120-->[:share_plus] AndroidManifest.xml:10:13-74
121            android:exported="false"
121-->[:share_plus] AndroidManifest.xml:11:13-37
122            android:grantUriPermissions="true" >
122-->[:share_plus] AndroidManifest.xml:12:13-47
123            <meta-data
123-->[:share_plus] AndroidManifest.xml:13:13-15:68
124                android:name="android.support.FILE_PROVIDER_PATHS"
124-->[:share_plus] AndroidManifest.xml:14:17-67
125                android:resource="@xml/flutter_share_file_paths" />
125-->[:share_plus] AndroidManifest.xml:15:17-65
126        </provider>
127
128        <activity
128-->[:url_launcher_android] AndroidManifest.xml:8:9-11:74
129            android:name="io.flutter.plugins.urllauncher.WebViewActivity"
129-->[:url_launcher_android] AndroidManifest.xml:9:13-74
130            android:exported="false"
130-->[:url_launcher_android] AndroidManifest.xml:10:13-37
131            android:theme="@android:style/Theme.NoTitleBar.Fullscreen" />
131-->[:url_launcher_android] AndroidManifest.xml:11:13-71
132
133        <receiver
133-->[com.onesignal:OneSignal:4.7.3] AndroidManifest.xml:49:9-60:20
134            android:name="com.onesignal.FCMBroadcastReceiver"
134-->[com.onesignal:OneSignal:4.7.3] AndroidManifest.xml:50:13-62
135            android:exported="true"
135-->[com.onesignal:OneSignal:4.7.3] AndroidManifest.xml:51:13-36
136            android:permission="com.google.android.c2dm.permission.SEND" >
136-->[com.onesignal:OneSignal:4.7.3] AndroidManifest.xml:52:13-73
137
138            <!-- High priority so OneSignal payloads can be filtered from other FCM receivers -->
139            <intent-filter android:priority="999" >
139-->[com.onesignal:OneSignal:4.7.3] AndroidManifest.xml:55:13-59:29
139-->[com.onesignal:OneSignal:4.7.3] AndroidManifest.xml:55:28-50
140                <action android:name="com.google.android.c2dm.intent.RECEIVE" />
140-->[com.onesignal:OneSignal:4.7.3] AndroidManifest.xml:56:17-81
140-->[com.onesignal:OneSignal:4.7.3] AndroidManifest.xml:56:25-78
141
142                <category android:name="com.jynxdj.dev" />
142-->[com.onesignal:OneSignal:4.7.3] AndroidManifest.xml:58:17-61
142-->[com.onesignal:OneSignal:4.7.3] AndroidManifest.xml:58:27-58
143            </intent-filter>
144        </receiver>
145
146        <service
146-->[com.onesignal:OneSignal:4.7.3] AndroidManifest.xml:62:9-68:19
147            android:name="com.onesignal.HmsMessageServiceOneSignal"
147-->[com.onesignal:OneSignal:4.7.3] AndroidManifest.xml:63:13-68
148            android:exported="false" >
148-->[com.onesignal:OneSignal:4.7.3] AndroidManifest.xml:64:13-37
149            <intent-filter>
149-->[com.onesignal:OneSignal:4.7.3] AndroidManifest.xml:65:13-67:29
150                <action android:name="com.huawei.push.action.MESSAGING_EVENT" />
150-->[com.onesignal:OneSignal:4.7.3] AndroidManifest.xml:66:17-81
150-->[com.onesignal:OneSignal:4.7.3] AndroidManifest.xml:66:25-78
151            </intent-filter>
152        </service>
153
154        <activity
154-->[com.onesignal:OneSignal:4.7.3] AndroidManifest.xml:70:9-78:20
155            android:name="com.onesignal.NotificationOpenedActivityHMS"
155-->[com.onesignal:OneSignal:4.7.3] AndroidManifest.xml:71:13-71
156            android:exported="true"
156-->[com.onesignal:OneSignal:4.7.3] AndroidManifest.xml:72:13-36
157            android:noHistory="true"
157-->[com.onesignal:OneSignal:4.7.3] AndroidManifest.xml:73:13-37
158            android:theme="@android:style/Theme.Translucent.NoTitleBar" >
158-->[com.onesignal:OneSignal:4.7.3] AndroidManifest.xml:74:13-72
159            <intent-filter>
159-->[com.onesignal:OneSignal:4.7.3] AndroidManifest.xml:75:13-77:29
160                <action android:name="android.intent.action.VIEW" />
160-->[com.onesignal:OneSignal:4.7.3] AndroidManifest.xml:76:17-69
160-->[com.onesignal:OneSignal:4.7.3] AndroidManifest.xml:76:25-66
161            </intent-filter>
162        </activity>
163
164        <service
164-->[com.onesignal:OneSignal:4.7.3] AndroidManifest.xml:80:9-82:40
165            android:name="com.onesignal.FCMIntentService"
165-->[com.onesignal:OneSignal:4.7.3] AndroidManifest.xml:81:13-58
166            android:exported="false" />
166-->[com.onesignal:OneSignal:4.7.3] AndroidManifest.xml:82:13-37
167        <service
167-->[com.onesignal:OneSignal:4.7.3] AndroidManifest.xml:83:9-86:72
168            android:name="com.onesignal.FCMIntentJobService"
168-->[com.onesignal:OneSignal:4.7.3] AndroidManifest.xml:84:13-61
169            android:exported="false"
169-->[com.onesignal:OneSignal:4.7.3] AndroidManifest.xml:85:13-37
170            android:permission="android.permission.BIND_JOB_SERVICE" />
170-->[com.onesignal:OneSignal:4.7.3] AndroidManifest.xml:86:13-69
171        <service
171-->[com.onesignal:OneSignal:4.7.3] AndroidManifest.xml:87:9-90:43
172            android:name="com.onesignal.SyncService"
172-->[com.onesignal:OneSignal:4.7.3] AndroidManifest.xml:88:13-53
173            android:exported="false"
173-->[com.onesignal:OneSignal:4.7.3] AndroidManifest.xml:89:13-37
174            android:stopWithTask="true" />
174-->[com.onesignal:OneSignal:4.7.3] AndroidManifest.xml:90:13-40
175        <service
175-->[com.onesignal:OneSignal:4.7.3] AndroidManifest.xml:91:9-94:72
176            android:name="com.onesignal.SyncJobService"
176-->[com.onesignal:OneSignal:4.7.3] AndroidManifest.xml:92:13-56
177            android:exported="false"
177-->[com.onesignal:OneSignal:4.7.3] AndroidManifest.xml:93:13-37
178            android:permission="android.permission.BIND_JOB_SERVICE" />
178-->[com.onesignal:OneSignal:4.7.3] AndroidManifest.xml:94:13-69
179
180        <activity
180-->[com.onesignal:OneSignal:4.7.3] AndroidManifest.xml:96:9-99:75
181            android:name="com.onesignal.PermissionsActivity"
181-->[com.onesignal:OneSignal:4.7.3] AndroidManifest.xml:97:13-61
182            android:exported="false"
182-->[com.onesignal:OneSignal:4.7.3] AndroidManifest.xml:98:13-37
183            android:theme="@android:style/Theme.Translucent.NoTitleBar" />
183-->[com.onesignal:OneSignal:4.7.3] AndroidManifest.xml:99:13-72
184
185        <receiver
185-->[com.onesignal:OneSignal:4.7.3] AndroidManifest.xml:101:9-103:39
186            android:name="com.onesignal.NotificationDismissReceiver"
186-->[com.onesignal:OneSignal:4.7.3] AndroidManifest.xml:102:13-69
187            android:exported="true" />
187-->[com.onesignal:OneSignal:4.7.3] AndroidManifest.xml:103:13-36
188        <receiver
188-->[com.onesignal:OneSignal:4.7.3] AndroidManifest.xml:104:9-111:20
189            android:name="com.onesignal.BootUpReceiver"
189-->[com.onesignal:OneSignal:4.7.3] AndroidManifest.xml:105:13-56
190            android:exported="true" >
190-->[com.onesignal:OneSignal:4.7.3] AndroidManifest.xml:106:13-36
191            <intent-filter>
191-->[com.onesignal:OneSignal:4.7.3] AndroidManifest.xml:107:13-110:29
192                <action android:name="android.intent.action.BOOT_COMPLETED" />
192-->[com.onesignal:OneSignal:4.7.3] AndroidManifest.xml:108:17-79
192-->[com.onesignal:OneSignal:4.7.3] AndroidManifest.xml:108:25-76
193                <action android:name="android.intent.action.QUICKBOOT_POWERON" />
193-->[com.onesignal:OneSignal:4.7.3] AndroidManifest.xml:109:17-82
193-->[com.onesignal:OneSignal:4.7.3] AndroidManifest.xml:109:25-79
194            </intent-filter>
195        </receiver>
196        <receiver
196-->[com.onesignal:OneSignal:4.7.3] AndroidManifest.xml:112:9-118:20
197            android:name="com.onesignal.UpgradeReceiver"
197-->[com.onesignal:OneSignal:4.7.3] AndroidManifest.xml:113:13-57
198            android:exported="true" >
198-->[com.onesignal:OneSignal:4.7.3] AndroidManifest.xml:114:13-36
199            <intent-filter>
199-->[com.onesignal:OneSignal:4.7.3] AndroidManifest.xml:115:13-117:29
200                <action android:name="android.intent.action.MY_PACKAGE_REPLACED" />
200-->[com.onesignal:OneSignal:4.7.3] AndroidManifest.xml:116:17-84
200-->[com.onesignal:OneSignal:4.7.3] AndroidManifest.xml:116:25-81
201            </intent-filter>
202        </receiver>
203
204        <activity
204-->[com.onesignal:OneSignal:4.7.3] AndroidManifest.xml:120:9-126:75
205            android:name="com.onesignal.NotificationOpenedReceiver"
205-->[com.onesignal:OneSignal:4.7.3] AndroidManifest.xml:121:13-68
206            android:excludeFromRecents="true"
206-->[com.onesignal:OneSignal:4.7.3] AndroidManifest.xml:122:13-46
207            android:exported="true"
207-->[com.onesignal:OneSignal:4.7.3] AndroidManifest.xml:123:13-36
208            android:noHistory="true"
208-->[com.onesignal:OneSignal:4.7.3] AndroidManifest.xml:124:13-37
209            android:taskAffinity=""
209-->[com.onesignal:OneSignal:4.7.3] AndroidManifest.xml:125:13-36
210            android:theme="@android:style/Theme.Translucent.NoTitleBar" />
210-->[com.onesignal:OneSignal:4.7.3] AndroidManifest.xml:126:13-72
211        <activity
211-->[com.onesignal:OneSignal:4.7.3] AndroidManifest.xml:127:9-132:75
212            android:name="com.onesignal.NotificationOpenedReceiverAndroid22AndOlder"
212-->[com.onesignal:OneSignal:4.7.3] AndroidManifest.xml:128:13-85
213            android:excludeFromRecents="true"
213-->[com.onesignal:OneSignal:4.7.3] AndroidManifest.xml:129:13-46
214            android:exported="true"
214-->[com.onesignal:OneSignal:4.7.3] AndroidManifest.xml:130:13-36
215            android:noHistory="true"
215-->[com.onesignal:OneSignal:4.7.3] AndroidManifest.xml:131:13-37
216            android:theme="@android:style/Theme.Translucent.NoTitleBar" />
216-->[com.onesignal:OneSignal:4.7.3] AndroidManifest.xml:132:13-72
217
218        <uses-library
218-->[androidx.window:window:1.0.0-beta04] AndroidManifest.xml:25:9-27:40
219            android:name="androidx.window.extensions"
219-->[androidx.window:window:1.0.0-beta04] AndroidManifest.xml:26:13-54
220            android:required="false" />
220-->[androidx.window:window:1.0.0-beta04] AndroidManifest.xml:27:13-37
221        <uses-library
221-->[androidx.window:window:1.0.0-beta04] AndroidManifest.xml:28:9-30:40
222            android:name="androidx.window.sidecar"
222-->[androidx.window:window:1.0.0-beta04] AndroidManifest.xml:29:13-51
223            android:required="false" />
223-->[androidx.window:window:1.0.0-beta04] AndroidManifest.xml:30:13-37
224
225        <receiver
225-->[com.google.firebase:firebase-messaging:23.0.5] AndroidManifest.xml:31:9-38:20
226            android:name="com.google.firebase.iid.FirebaseInstanceIdReceiver"
226-->[com.google.firebase:firebase-messaging:23.0.5] AndroidManifest.xml:32:13-78
227            android:exported="true"
227-->[com.google.firebase:firebase-messaging:23.0.5] AndroidManifest.xml:33:13-36
228            android:permission="com.google.android.c2dm.permission.SEND" >
228-->[com.google.firebase:firebase-messaging:23.0.5] AndroidManifest.xml:34:13-73
229            <intent-filter>
229-->[com.google.firebase:firebase-messaging:23.0.5] AndroidManifest.xml:35:13-37:29
230                <action android:name="com.google.android.c2dm.intent.RECEIVE" />
230-->[com.onesignal:OneSignal:4.7.3] AndroidManifest.xml:56:17-81
230-->[com.onesignal:OneSignal:4.7.3] AndroidManifest.xml:56:25-78
231            </intent-filter>
232        </receiver>
233        <!--
234             FirebaseMessagingService performs security checks at runtime,
235             but set to not exported to explicitly avoid allowing another app to call it.
236        -->
237        <service
237-->[com.google.firebase:firebase-messaging:23.0.5] AndroidManifest.xml:44:9-51:19
238            android:name="com.google.firebase.messaging.FirebaseMessagingService"
238-->[com.google.firebase:firebase-messaging:23.0.5] AndroidManifest.xml:45:13-82
239            android:directBootAware="true"
239-->[com.google.firebase:firebase-messaging:23.0.5] AndroidManifest.xml:46:13-43
240            android:exported="false" >
240-->[com.google.firebase:firebase-messaging:23.0.5] AndroidManifest.xml:47:13-37
241            <intent-filter android:priority="-500" >
241-->[com.google.firebase:firebase-messaging:23.0.5] AndroidManifest.xml:48:13-50:29
241-->[com.google.firebase:firebase-messaging:23.0.5] AndroidManifest.xml:48:28-51
242                <action android:name="com.google.firebase.MESSAGING_EVENT" />
242-->[com.google.firebase:firebase-messaging:23.0.5] AndroidManifest.xml:49:17-78
242-->[com.google.firebase:firebase-messaging:23.0.5] AndroidManifest.xml:49:25-75
243            </intent-filter>
244        </service>
245        <service
245-->[com.google.android.datatransport:transport-backend-cct:3.1.5] AndroidManifest.xml:29:9-35:19
246            android:name="com.google.android.datatransport.runtime.backends.TransportBackendDiscovery"
246-->[com.google.android.datatransport:transport-backend-cct:3.1.5] AndroidManifest.xml:30:13-103
247            android:exported="false" >
247-->[com.google.android.datatransport:transport-backend-cct:3.1.5] AndroidManifest.xml:31:13-37
248            <meta-data
248-->[com.google.android.datatransport:transport-backend-cct:3.1.5] AndroidManifest.xml:32:13-34:39
249                android:name="backend:com.google.android.datatransport.cct.CctBackendFactory"
249-->[com.google.android.datatransport:transport-backend-cct:3.1.5] AndroidManifest.xml:33:17-94
250                android:value="cct" />
250-->[com.google.android.datatransport:transport-backend-cct:3.1.5] AndroidManifest.xml:34:17-36
251        </service>
252        <service
252-->[com.google.android.datatransport:transport-runtime:3.1.5] AndroidManifest.xml:26:9-30:19
253            android:name="com.google.android.datatransport.runtime.scheduling.jobscheduling.JobInfoSchedulerService"
253-->[com.google.android.datatransport:transport-runtime:3.1.5] AndroidManifest.xml:27:13-117
254            android:exported="false"
254-->[com.google.android.datatransport:transport-runtime:3.1.5] AndroidManifest.xml:28:13-37
255            android:permission="android.permission.BIND_JOB_SERVICE" >
255-->[com.google.android.datatransport:transport-runtime:3.1.5] AndroidManifest.xml:29:13-69
256        </service>
257
258        <receiver
258-->[com.google.android.datatransport:transport-runtime:3.1.5] AndroidManifest.xml:32:9-34:40
259            android:name="com.google.android.datatransport.runtime.scheduling.jobscheduling.AlarmManagerSchedulerBroadcastReceiver"
259-->[com.google.android.datatransport:transport-runtime:3.1.5] AndroidManifest.xml:33:13-132
260            android:exported="false" />
260-->[com.google.android.datatransport:transport-runtime:3.1.5] AndroidManifest.xml:34:13-37
261
262        <activity
262-->[com.google.firebase:firebase-auth:21.0.5] AndroidManifest.xml:27:9-44:20
263            android:name="com.google.firebase.auth.internal.GenericIdpActivity"
263-->[com.google.firebase:firebase-auth:21.0.5] AndroidManifest.xml:28:13-80
264            android:excludeFromRecents="true"
264-->[com.google.firebase:firebase-auth:21.0.5] AndroidManifest.xml:29:13-46
265            android:exported="true"
265-->[com.google.firebase:firebase-auth:21.0.5] AndroidManifest.xml:30:13-36
266            android:launchMode="singleTask"
266-->[com.google.firebase:firebase-auth:21.0.5] AndroidManifest.xml:31:13-44
267            android:theme="@android:style/Theme.Translucent.NoTitleBar" >
267-->[com.google.firebase:firebase-auth:21.0.5] AndroidManifest.xml:32:13-72
268            <intent-filter>
268-->[com.google.firebase:firebase-auth:21.0.5] AndroidManifest.xml:33:13-43:29
269                <action android:name="android.intent.action.VIEW" />
269-->[com.onesignal:OneSignal:4.7.3] AndroidManifest.xml:76:17-69
269-->[com.onesignal:OneSignal:4.7.3] AndroidManifest.xml:76:25-66
270
271                <category android:name="android.intent.category.DEFAULT" />